0 verbose cli D:\vue\node.exe D:\vue\node_modules\npm\bin\npm-cli.js
1 info using npm@11.6.2
2 info using node@v24.12.0
3 silly config load:file:D:\vue\node_modules\npm\npmrc
4 silly config load:file:D:\phpstudy_pro\WWW\gerenboke\server\.npmrc
5 silly config load:file:C:\Users\zs\.npmrc
6 silly config load:file:D:\vue\node_global\etc\npmrc
7 verbose title npm run build
8 verbose argv "run" "build"
9 verbose logfile logs-max:10 dir:D:\phpstudy_pro\WWW\gerenboke\server\D\vue\node_cache\_logs\2026-01-06T15_45_02_928Z-
10 verbose logfile D:\phpstudy_pro\WWW\gerenboke\server\D\vue\node_cache\_logs\2026-01-06T15_45_02_928Z-debug-0.log
11 silly logfile done cleaning log files
12 verbose stack Error: Missing script: "build"
12 verbose stack
12 verbose stack To see a list of scripts, run:
12 verbose stack   npm run
12 verbose stack     at #run (D:\vue\node_modules\npm\lib\commands\run.js:115:13)
12 verbose stack     at async RunScript.exec (D:\vue\node_modules\npm\lib\commands\run.js:44:7)
12 verbose stack     at async Npm.exec (D:\vue\node_modules\npm\lib\npm.js:208:9)
12 verbose stack     at async module.exports (D:\vue\node_modules\npm\lib\cli\entry.js:67:5)
13 error Missing script: "build"
13 error
13 error To see a list of scripts, run:
13 error   npm run
14 verbose cwd D:\phpstudy_pro\WWW\gerenboke\server
15 verbose os Windows_NT 10.0.19045
16 verbose node v24.12.0
17 verbose npm  v11.6.2
18 verbose exit 1
19 verbose code 1
20 error A complete log of this run can be found in: D:\phpstudy_pro\WWW\gerenboke\server\D\vue\node_cache\_logs\2026-01-06T15_45_02_928Z-debug-0.log
